<?xml version="1.0" encoding="UTF-8"?>
<!-- Generated by org.testng.reporters.JUnitXMLReporter -->
<testsuite ignored="0" hostname="LTIN228343" failures="0" tests="4" name="chrometest" time="96.913" errors="0" timestamp="2024-02-12T09:50:58 IST">
  <testcase classname="testCases.TC_001_UpcomingBikes" name="verify" time="0.133"/>
  <testcase classname="testCases.TC_001_UpcomingBikes" name="upcomingBikes" time="37.484"/>
  <testcase classname="testCases.TC_002_usedCars" name="usedCars" time="36.947"/>
  <testcase classname="testCases.TC_003_LoginSignUp" name="sign" time="5.567"/>
</testsuite> <!-- chrometest -->
