<?xml version="1.0" encoding="UTF-8"?>
<!-- Generated by org.testng.reporters.JUnitXMLReporter -->
<testsuite ignored="0" hostname="LTIN228343" failures="0" tests="3" name="Edge Test" time="10.661" errors="0" timestamp="2024-02-05T11:00:33 IST">
  <testcase classname="testCases.TC_001_UpcomingBikes" name="upcomingBikes" time="0.001">
    <skipped/>
  </testcase> <!-- upcomingBikes -->
  <testcase classname="testCases.TC_002_usedCars" name="usedCars" time="0.0">
    <skipped/>
  </testcase> <!-- usedCars -->
  <testcase classname="testCases.TC_003_LoginSignUp" name="sign" time="0.0">
    <skipped/>
  </testcase> <!-- sign -->
</testsuite> <!-- Edge Test -->
