<?xml version="1.0" encoding="UTF-8"?>
<!-- Generated by org.testng.reporters.JUnitXMLReporter -->
<testsuite ignored="0" hostname="LTIN228343" failures="0" tests="4" name="edgetezst" time="86.367" errors="0" timestamp="2024-02-08T09:49:50 IST">
  <testcase classname="testCases.TC_001_UpcomingBikes" name="verify" time="0.058"/>
  <testcase classname="testCases.TC_001_UpcomingBikes" name="upcomingBikes" time="27.397"/>
  <testcase classname="testCases.TC_002_usedCars" name="usedCars" time="37.912"/>
  <testcase classname="testCases.TC_003_LoginSignUp" name="sign" time="5.868"/>
</testsuite> <!-- edgetezst -->
