<?xml version="1.0" encoding="UTF-8"?>
<!-- Generated by org.testng.reporters.JUnitXMLReporter -->
<testsuite ignored="0" hostname="LTIN228343" failures="0" tests="4" name="edgetest" time="94.299" errors="0" timestamp="2024-02-12T09:52:33 IST">
  <testcase classname="testCases.TC_001_UpcomingBikes" name="verify" time="0.283"/>
  <testcase classname="testCases.TC_001_UpcomingBikes" name="upcomingBikes" time="31.124"/>
  <testcase classname="testCases.TC_002_usedCars" name="usedCars" time="38.027"/>
  <testcase classname="testCases.TC_003_LoginSignUp" name="sign" time="5.944"/>
</testsuite> <!-- edgetest -->
