<?xml version="1.0" encoding="UTF-8"?>
<testng-results ignored="0" total="4" passed="4" failed="0" skipped="0">
  <reporter-output>
  </reporter-output>
  <suite started-at="2024-02-12T00:12:55 IST" name="Suite" finished-at="2024-02-12T00:14:29 IST" duration-ms="94263">
    <groups>
      <group name="Master">
        <method signature="TC_001_UpcomingBikes.verify()[pri:0, instance:testCases.TC_003_LoginSignUp@1cf6d1be]" name="verify" class="testCases.TC_001_UpcomingBikes"/>
        <method signature="TC_001_UpcomingBikes.upcomingBikes()[pri:1, instance:testCases.TC_003_LoginSignUp@1cf6d1be]" name="upcomingBikes" class="testCases.TC_001_UpcomingBikes"/>
        <method signature="TC_002_usedCars.usedCars()[pri:3, instance:testCases.TC_003_LoginSignUp@1cf6d1be]" name="usedCars" class="testCases.TC_002_usedCars"/>
        <method signature="TC_003_LoginSignUp.sign()[pri:4, instance:testCases.TC_003_LoginSignUp@1cf6d1be]" name="sign" class="testCases.TC_003_LoginSignUp"/>
      </group> <!-- Master -->
      <group name="Sanity">
        <method signature="TC_003_LoginSignUp.sign()[pri:4, instance:testCases.TC_003_LoginSignUp@1cf6d1be]" name="sign" class="testCases.TC_003_LoginSignUp"/>
      </group> <!-- Sanity -->
      <group name="Regression">
        <method signature="TC_001_UpcomingBikes.upcomingBikes()[pri:1, instance:testCases.TC_003_LoginSignUp@1cf6d1be]" name="upcomingBikes" class="testCases.TC_001_UpcomingBikes"/>
        <method signature="TC_002_usedCars.usedCars()[pri:3, instance:testCases.TC_003_LoginSignUp@1cf6d1be]" name="usedCars" class="testCases.TC_002_usedCars"/>
      </group> <!-- Regression -->
    </groups>
    <test started-at="2024-02-12T00:12:55 IST" name="chrometest" finished-at="2024-02-12T00:14:29 IST" duration-ms="94263">
      <class name="testCases.TC_003_LoginSignUp">
        <test-method is-config="true" signature="setup(java.lang.String,java.lang.String)[pri:0, instance:testCases.TC_003_LoginSignUp@1cf6d1be]" started-at="2024-02-12T00:12:56 IST" name="setup" finished-at="2024-02-12T00:13:07 IST" duration-ms="11666" status="PASS">
          <params>
            <param index="0">
              <value>
                <![CDATA[chrome]]>
              </value>
            </param>
            <param index="1">
              <value>
                <![CDATA[Windows]]>
              </value>
            </param>
          </params>
          <reporter-output>
          </reporter-output>
        </test-method> <!-- setup -->
        <test-method signature="verify()[pri:0, instance:testCases.TC_003_LoginSignUp@1cf6d1be]" started-at="2024-02-12T00:13:07 IST" name="verify" finished-at="2024-02-12T00:13:08 IST" duration-ms="602" status="PASS">
          <reporter-output>
          </reporter-output>
        </test-method> <!-- verify -->
        <test-method signature="upcomingBikes()[pri:1, instance:testCases.TC_003_LoginSignUp@1cf6d1be]" started-at="2024-02-12T00:13:09 IST" name="upcomingBikes" finished-at="2024-02-12T00:13:41 IST" duration-ms="32427" status="PASS">
          <reporter-output>
          </reporter-output>
        </test-method> <!-- upcomingBikes -->
        <test-method signature="usedCars()[pri:3, instance:testCases.TC_003_LoginSignUp@1cf6d1be]" started-at="2024-02-12T00:13:42 IST" name="usedCars" finished-at="2024-02-12T00:14:21 IST" duration-ms="39136" status="PASS">
          <reporter-output>
          </reporter-output>
        </test-method> <!-- usedCars -->
        <test-method signature="sign()[pri:4, instance:testCases.TC_003_LoginSignUp@1cf6d1be]" started-at="2024-02-12T00:14:22 IST" name="sign" finished-at="2024-02-12T00:14:28 IST" duration-ms="5931" status="PASS">
          <reporter-output>
          </reporter-output>
        </test-method> <!-- sign -->
        <test-method is-config="true" signature="tearDown()[pri:0, instance:testCases.TC_003_LoginSignUp@1cf6d1be]" started-at="2024-02-12T00:14:28 IST" name="tearDown" finished-at="2024-02-12T00:14:29 IST" duration-ms="1488" status="PASS">
          <reporter-output>
          </reporter-output>
        </test-method> <!-- tearDown -->
      </class> <!-- testCases.TC_003_LoginSignUp -->
    </test> <!-- chrometest -->
  </suite> <!-- Suite -->
</testng-results>
